<?xml version="1.0" encoding="UTF-8"?>
<!-- Generated by org.testng.reporters.JUnitXMLReporter -->
<testsuite hostname="developer1" ignored="0" name="Test" tests="4" failures="0" timestamp="24 May 2019 22:58:50 GMT" time="68.728" errors="0">
  <testcase name="Login" time="19.363" classname="com.tr.testFiles.LoginTest"/>
  <testcase name="Login" time="14.329" classname="com.tr.testFiles.ShoppingTest"/>
  <testcase name="AddItem" time="19.918" classname="com.tr.testFiles.ShoppingTest"/>
  <testcase name="CheckCart" time="3.292" classname="com.tr.testFiles.ShoppingTest"/>
</testsuite> <!-- Test -->
