<?xml version="1.0" encoding="UTF-8"?>
<testng-results skipped="0" failed="0" total="2" passed="2">
  <reporter-output>
  </reporter-output>
  <suite name="Suite" duration-ms="29714" started-at="2019-03-25T19:49:41Z" finished-at="2019-03-25T19:50:10Z">
    <groups>
    </groups>
    <test name="Test" duration-ms="29714" started-at="2019-03-25T19:49:41Z" finished-at="2019-03-25T19:50:10Z">
      <class name="deneme.NewTest">
        <test-method status="PASS" signature="f()[pri:0, instance:deneme.NewTest@1009542]" name="f" duration-ms="20" started-at="2019-03-25T21:49:41Z" finished-at="2019-03-25T21:49:41Z">
          <reporter-output>
          </reporter-output>
        </test-method> <!-- f -->
      </class> <!-- deneme.NewTest -->
      <class name="wepPageTester.webPageTest.NewTest">
        <test-method status="PASS" signature="beforeClass()[pri:0, instance:wepPageTester.webPageTest.NewTest@1e9807f]" name="beforeClass" is-config="true" duration-ms="7694" started-at="2019-03-25T21:49:41Z" finished-at="2019-03-25T21:49:48Z">
          <reporter-output>
          </reporter-output>
        </test-method> <!-- beforeClass -->
        <test-method status="PASS" signature="openMyBlog()[pri:0, instance:wepPageTester.webPageTest.NewTest@1e9807f]" name="openMyBlog" duration-ms="20524" started-at="2019-03-25T21:49:48Z" finished-at="2019-03-25T21:50:09Z">
          <reporter-output>
          </reporter-output>
        </test-method> <!-- openMyBlog -->
        <test-method status="PASS" signature="afterClass()[pri:0, instance:wepPageTester.webPageTest.NewTest@1e9807f]" name="afterClass" is-config="true" duration-ms="1422" started-at="2019-03-25T21:50:09Z" finished-at="2019-03-25T21:50:10Z">
          <reporter-output>
          </reporter-output>
        </test-method> <!-- afterClass -->
      </class> <!-- wepPageTester.webPageTest.NewTest -->
    </test> <!-- Test -->
  </suite> <!-- Suite -->
</testng-results>
