<?xml version="1.0" encoding="UTF-8"?>
<testng-results skipped="0" failed="0" ignored="0" total="1" passed="1">
  <reporter-output>
  </reporter-output>
  <suite name="Suite" duration-ms="8291" started-at="2019-05-15T20:27:43Z" finished-at="2019-05-15T20:27:52Z">
    <groups>
    </groups>
    <test name="Default test" duration-ms="8291" started-at="2019-05-15T20:27:43Z" finished-at="2019-05-15T20:27:52Z">
      <class name="wepPageTester.webPageTest.NewTest$TestChromeBrowser">
        <test-method status="PASS" signature="setUp()[pri:0, instance:wepPageTester.webPageTest.NewTest$TestChromeBrowser@9f73a2]" name="setUp" is-config="true" duration-ms="5100" started-at="2019-05-15T23:27:43Z" finished-at="2019-05-15T23:27:48Z">
          <reporter-output>
          </reporter-output>
        </test-method> <!-- setUp -->
        <test-method status="PASS" signature="testGooglePageTitleInIEBrowser()[pri:0, instance:wepPageTester.webPageTest.NewTest$TestChromeBrowser@9f73a2]" name="testGooglePageTitleInIEBrowser" duration-ms="2237" started-at="2019-05-15T23:27:48Z" finished-at="2019-05-15T23:27:51Z">
          <reporter-output>
          </reporter-output>
        </test-method> <!-- testGooglePageTitleInIEBrowser -->
        <test-method status="PASS" signature="tearDown()[pri:0, instance:wepPageTester.webPageTest.NewTest$TestChromeBrowser@9f73a2]" name="tearDown" is-config="true" duration-ms="926" started-at="2019-05-15T23:27:51Z" finished-at="2019-05-15T23:27:52Z">
          <reporter-output>
          </reporter-output>
        </test-method> <!-- tearDown -->
      </class> <!-- wepPageTester.webPageTest.NewTest$TestChromeBrowser -->
    </test> <!-- Default test -->
  </suite> <!-- Suite -->
</testng-results>
